<?xml version="1.0" encoding="UTF-8"?>
<testsuite xmlns:xsi="http://www.w3.org/2001/XMLSchema-instance" xsi:noNamespaceSchemaLocation="https://maven.apache.org/surefire/maven-surefire-plugin/xsd/surefire-test-report-3.0.xsd" version="3.0" name="TestSuite" time="84.506" tests="10" errors="0" skipped="3" failures="4">
  <properties>
[...]
</properties>
  <testcase name="homePage" classname="com.atmecs.testScripts.Book_Ticket_RoundTrip" time="0">
    <skipped message="org.apache.poi.openxml4j.exceptions.NotOfficeXmlFileException: No valid entries or contents found, this is not a valid OOXML (Office Open XML) file"/>
    <system-out><![CDATA[browser is chrome
]]></system-out>
    <system-err><![CDATA[Starting ChromeDriver 75.0.3770.140 (2d9f97485c7b07dc18a74666574f19176731995c-refs/branch-heads/3770@{#1155}) on port 17873
Only local connections are allowed.
Please protect ports used by ChromeDriver and related test frameworks to prevent access by malicious code.
[1568026300.844][WARNING]: This version of ChromeDriver has not been tested with Chrome version 76.
[1568026302.852][WARNING]: Timed out connecting to Chrome, retrying...
Sep 09, 2019 4:21:44 PM org.openqa.selenium.remote.ProtocolHandshake createSession
INFO: Detected dialect: W3C
[1568026310.788][WARNING]: Timed out connecting to Chrome, retrying...
[Utils] [ERROR] [Error] org.apache.poi.openxml4j.exceptions.NotOfficeXmlFileException: No valid entries or contents found, this is not a valid OOXML (Office Open XML) file
	at org.apache.poi.openxml4j.util.ZipArchiveThresholdInputStream.getNextEntry(ZipArchiveThresholdInputStream.java:144)
	at org.apache.poi.openxml4j.util.ZipInputStreamZipEntrySource.&lt;init&gt;(ZipInputStreamZipEntrySource.java:49)
	at org.apache.poi.openxml4j.opc.ZipPackage.&lt;init&gt;(ZipPackage.java:106)
	at org.apache.poi.openxml4j.opc.OPCPackage.open(OPCPackage.java:301)
	at org.apache.poi.ooxml.util.PackageHelper.open(PackageHelper.java:37)
	at org.apache.poi.xssf.usermodel.XSSFWorkbook.&lt;init&gt;(XSSFWorkbook.java:303)
	at com.atmecs.utils.ExcelFileOperation.&lt;init&gt;(ExcelFileOperation.java:30)
	at com.atmecs.utils.ProvideData.&lt;init&gt;(ProvideData.java:15)
	at com.atmecs.dataProvider.CityDataProvider.getData(CityDataProvider.java:12)
	at java.base/jdk.internal.reflect.NativeMethodAccessorImpl.invoke0(Native Method)
	at java.base/jdk.internal.reflect.NativeMethodAccessorImpl.invoke(NativeMethodAccessorImpl.java:62)
	at java.base/jdk.internal.reflect.DelegatingMethodAccessorImpl.invoke(DelegatingMethodAccessorImpl.java:43)
	at java.base/java.lang.reflect.Method.invoke(Method.java:567)
	at org.testng.internal.MethodInvocationHelper.invokeMethod(MethodInvocationHelper.java:124)
	at org.testng.internal.MethodInvocationHelper.invokeMethod(MethodInvocationHelper.java:74)
	at org.testng.internal.MethodInvocationHelper.invokeMethodNoCheckedException(MethodInvocationHelper.java:45)
	at org.testng.internal.MethodInvocationHelper.invokeDataProvider(MethodInvocationHelper.java:131)
	at org.testng.internal.Parameters.handleParameters(Parameters.java:706)
	at org.testng.internal.ParameterHandler.handleParameters(ParameterHandler.java:49)
	at org.testng.internal.ParameterHandler.createParameters(ParameterHandler.java:37)
	at org.testng.internal.Invoker.invokeTestMethods(Invoker.java:924)
	at org.testng.internal.TestMethodWorker.invokeTestMethods(TestMethodWorker.java:125)
	at org.testng.internal.TestMethodWorker.run(TestMethodWorker.java:109)
	at org.testng.TestRunner.privateRun(TestRunner.java:648)
	at org.testng.TestRunner.run(TestRunner.java:505)
	at org.testng.SuiteRunner.runTest(SuiteRunner.java:455)
	at org.testng.SuiteRunner.access$000(SuiteRunner.java:40)
	at org.testng.SuiteRunner$SuiteWorker.run(SuiteRunner.java:489)
	at org.testng.internal.thread.ThreadUtil$1.call(ThreadUtil.java:52)
	at java.base/java.util.concurrent.FutureTask.run(FutureTask.java:264)
	at java.base/java.util.concurrent.ThreadPoolExecutor.runWorker(ThreadPoolExecutor.java:1128)
	at java.base/java.util.concurrent.ThreadPoolExecutor$Worker.run(ThreadPoolExecutor.java:628)
	at java.base/java.lang.Thread.run(Thread.java:835)
Caused by: java.util.zip.ZipException: Unexpected record signature: 0X5DBD0
	at org.apache.commons.compress.archivers.zip.ZipArchiveInputStream.getNextZipEntry(ZipArchiveInputStream.java:260)
	at org.apache.poi.openxml4j.util.ZipArchiveThresholdInputStream.getNextEntry(ZipArchiveThresholdInputStream.java:140)
	... 32 more

]]></system-err>
  </testcase>
  <testcase name="selectFlightAndReview" classname="com.atmecs.testScripts.Book_Ticket_RoundTrip" time="24.506">
    <failure message="no such element: Unable to locate element: {&quot;method&quot;:&quot;xpath&quot;,&quot;selector&quot;:&quot;(//p[@class=&apos;inlineB marL10 sortbytype&apos;])[2]&quot;}&#10;  (Session info: chrome=76.0.3809.132)&#10;For documentation on this error, please visit: https://www.seleniumhq.org/exceptions/no_such_element.html&#10;Build info: version: &apos;4.0.0-alpha-2&apos;, revision: &apos;f148142cf8&apos;, time: &apos;2019-07-01T20:55:26&apos;&#10;System info: host: &apos;ATMECSINLT-038&apos;, ip: &apos;55.55.53.77&apos;, os.name: &apos;Windows 10&apos;, os.arch: &apos;amd64&apos;, os.version: &apos;10.0&apos;, java.version: &apos;12.0.1&apos;&#10;Driver info: org.openqa.selenium.chrome.ChromeDriver&#10;Capabilities {acceptInsecureCerts: false, browserName: chrome, browserVersion: 76.0.3809.132, chrome: {chromedriverVersion: 75.0.3770.140 (2d9f97485c7b..., userDataDir: C:\Users\SAURAB~1.CHA\AppDa...}, goog:chromeOptions: {debuggerAddress: localhost:64597}, javascriptEnabled: true, networkConnectionEnabled: false, pageLoadStrategy: normal, platform: XP, platformName: XP, proxy: Proxy(), setWindowRect: true, strictFileInteractability: false, timeouts: {implicit: 0, pageLoad: 300000, script: 30000}, unhandledPromptBehavior: dismiss and notify}&#10;Session ID: e2fd6c002f43bb1ab01b0bb901036a98&#10;*** Element info: {Using=xpath, value=(//p[@class=&apos;inlineB marL10 sortbytype&apos;])[2]}" type="org.openqa.selenium.NoSuchElementException">org.openqa.selenium.NoSuchElementException: 
no such element: Unable to locate element: {"method":"xpath","selector":"(//p[@class='inlineB marL10 sortbytype'])[2]"}
  (Session info: chrome=76.0.3809.132)
For documentation on this error, please visit: https://www.seleniumhq.org/exceptions/no_such_element.html
Build info: version: '4.0.0-alpha-2', revision: 'f148142cf8', time: '2019-07-01T20:55:26'
System info: host: 'ATMECSINLT-038', ip: '55.55.53.77', os.name: 'Windows 10', os.arch: 'amd64', os.version: '10.0', java.version: '12.0.1'
Driver info: org.openqa.selenium.chrome.ChromeDriver
Capabilities {acceptInsecureCerts: false, browserName: chrome, browserVersion: 76.0.3809.132, chrome: {chromedriverVersion: 75.0.3770.140 (2d9f97485c7b..., userDataDir: C:\Users\SAURAB~1.CHA\AppDa...}, goog:chromeOptions: {debuggerAddress: localhost:64597}, javascriptEnabled: true, networkConnectionEnabled: false, pageLoadStrategy: normal, platform: XP, platformName: XP, proxy: Proxy(), setWindowRect: true, strictFileInteractability: false, timeouts: {implicit: 0, pageLoad: 300000, script: 30000}, unhandledPromptBehavior: dismiss and notify}
Session ID: e2fd6c002f43bb1ab01b0bb901036a98
*** Element info: {Using=xpath, value=(//p[@class='inlineB marL10 sortbytype'])[2]}
	at com.atmecs.testScripts.Book_Ticket_RoundTrip.selectFlightAndReview(Book_Ticket_RoundTrip.java:70)
</failure>
    <system-out><![CDATA[1
2
09-09-2019 16:21:55 LogReport.java INFO  [TestNG-tests-1] logReports.LogReport 27 - Starting the homepage testing
0 [TestNG-tests-1] INFO com.atmecs.logReports.LogReport  - Starting the homepage testing
 true
 true
false
]]></system-out>
  </testcase>
  <testcase name="travellersDetails" classname="com.atmecs.testScripts.Book_Ticket_RoundTrip" time="6.254">
    <failure message="no such element: Unable to locate element: {&quot;method&quot;:&quot;xpath&quot;,&quot;selector&quot;:&quot;//a[text()=&apos;+ ADD ADULT&apos;]&quot;}&#10;  (Session info: chrome=76.0.3809.132)&#10;For documentation on this error, please visit: https://www.seleniumhq.org/exceptions/no_such_element.html&#10;Build info: version: &apos;4.0.0-alpha-2&apos;, revision: &apos;f148142cf8&apos;, time: &apos;2019-07-01T20:55:26&apos;&#10;System info: host: &apos;ATMECSINLT-038&apos;, ip: &apos;55.55.53.77&apos;, os.name: &apos;Windows 10&apos;, os.arch: &apos;amd64&apos;, os.version: &apos;10.0&apos;, java.version: &apos;12.0.1&apos;&#10;Driver info: org.openqa.selenium.chrome.ChromeDriver&#10;Capabilities {acceptInsecureCerts: false, browserName: chrome, browserVersion: 76.0.3809.132, chrome: {chromedriverVersion: 75.0.3770.140 (2d9f97485c7b..., userDataDir: C:\Users\SAURAB~1.CHA\AppDa...}, goog:chromeOptions: {debuggerAddress: localhost:64597}, javascriptEnabled: true, networkConnectionEnabled: false, pageLoadStrategy: normal, platform: XP, platformName: XP, proxy: Proxy(), setWindowRect: true, strictFileInteractability: false, timeouts: {implicit: 0, pageLoad: 300000, script: 30000}, unhandledPromptBehavior: dismiss and notify}&#10;Session ID: e2fd6c002f43bb1ab01b0bb901036a98&#10;*** Element info: {Using=xpath, value=//a[text()=&apos;+ ADD ADULT&apos;]}" type="org.openqa.selenium.NoSuchElementException">org.openqa.selenium.NoSuchElementException: 
no such element: Unable to locate element: {"method":"xpath","selector":"//a[text()='+ ADD ADULT']"}
  (Session info: chrome=76.0.3809.132)
For documentation on this error, please visit: https://www.seleniumhq.org/exceptions/no_such_element.html
Build info: version: '4.0.0-alpha-2', revision: 'f148142cf8', time: '2019-07-01T20:55:26'
System info: host: 'ATMECSINLT-038', ip: '55.55.53.77', os.name: 'Windows 10', os.arch: 'amd64', os.version: '10.0', java.version: '12.0.1'
Driver info: org.openqa.selenium.chrome.ChromeDriver
Capabilities {acceptInsecureCerts: false, browserName: chrome, browserVersion: 76.0.3809.132, chrome: {chromedriverVersion: 75.0.3770.140 (2d9f97485c7b..., userDataDir: C:\Users\SAURAB~1.CHA\AppDa...}, goog:chromeOptions: {debuggerAddress: localhost:64597}, javascriptEnabled: true, networkConnectionEnabled: false, pageLoadStrategy: normal, platform: XP, platformName: XP, proxy: Proxy(), setWindowRect: true, strictFileInteractability: false, timeouts: {implicit: 0, pageLoad: 300000, script: 30000}, unhandledPromptBehavior: dismiss and notify}
Session ID: e2fd6c002f43bb1ab01b0bb901036a98
*** Element info: {Using=xpath, value=//a[text()='+ ADD ADULT']}
	at com.atmecs.testScripts.Book_Ticket_RoundTrip.travellersDetails(Book_Ticket_RoundTrip.java:115)
</failure>
    <system-out><![CDATA[1
6
]]></system-out>
  </testcase>
  <testcase name="tearDown" classname="com.atmecs.testScripts.Book_Ticket_RoundTrip" time="6.979">
    <failure message="&#10;Can inject only one of &lt;ITestContext, XmlTest&gt; into a @AfterTest annotated tearDown.&#10;For more information on native dependency injection please refer to http://testng.org/doc/documentation-main.html#native-dependency-injection" type="org.testng.TestNGException"><![CDATA[org.testng.TestNGException: 

Can inject only one of <ITestContext, XmlTest> into a @AfterTest annotated tearDown.
For more information on native dependency injection please refer to http://testng.org/doc/documentation-main.html#native-dependency-injection
]]></failure>
    <system-out><![CDATA[09-09-2019 16:22:25 _Log4jLoggerFactory.java DEBUG [TestNG-tests-2] freemarker.cache 45 - Couldn't find template in cache for "Extent.ftl"("en_US", UTF-8, parsed); will try to load it.
30884 [TestNG-tests-2] DEBUG freemarker.cache  - Couldn't find template in cache for "Extent.ftl"("en_US", UTF-8, parsed); will try to load it.
09-09-2019 16:22:25 _Log4jLoggerFactory.java DEBUG [TestNG-tests-2] freemarker.cache 45 - TemplateLoader.findTemplateSource("Extent_en_US.ftl"): Not found
30898 [TestNG-tests-2] DEBUG freemarker.cache  - TemplateLoader.findTemplateSource("Extent_en_US.ftl"): Not found
09-09-2019 16:22:25 _Log4jLoggerFactory.java DEBUG [TestNG-tests-2] freemarker.cache 45 - TemplateLoader.findTemplateSource("Extent_en.ftl"): Not found
30902 [TestNG-tests-2] DEBUG freemarker.cache  - TemplateLoader.findTemplateSource("Extent_en.ftl"): Not found
09-09-2019 16:22:26 _Log4jLoggerFactory.java DEBUG [TestNG-tests-2] freemarker.cache 45 - TemplateLoader.findTemplateSource("Extent.ftl"): Found
30914 [TestNG-tests-2] DEBUG freemarker.cache  - TemplateLoader.findTemplateSource("Extent.ftl"): Found
09-09-2019 16:22:26 _Log4jLoggerFactory.java DEBUG [TestNG-tests-2] freemarker.cache 45 - Loading template for "Extent.ftl"("en_US", UTF-8, parsed) from "jar:file:/C:/Users/saurabh.chauhan/.m2/repository/com/relevantcodes/extentreports/2.41.2/extentreports-2.41.2.jar!/com/relevantcodes/extentreports/view/Extent.ftl"
30914 [TestNG-tests-2] DEBUG freemarker.cache  - Loading template for "Extent.ftl"("en_US", UTF-8, parsed) from "jar:file:/C:/Users/saurabh.chauhan/.m2/repository/com/relevantcodes/extentreports/2.41.2/extentreports-2.41.2.jar!/com/relevantcodes/extentreports/view/Extent.ftl"
true
true
1st
09-09-2019 16:22:26 _Log4jLoggerFactory.java DEBUG [TestNG-tests-2] freemarker.cache 45 - Couldn't find template in cache for "Extent.ftl"("en_US", UTF-8, parsed); will try to load it.
31445 [TestNG-tests-2] DEBUG freemarker.cache  - Couldn't find template in cache for "Extent.ftl"("en_US", UTF-8, parsed); will try to load it.
09-09-2019 16:22:26 _Log4jLoggerFactory.java DEBUG [TestNG-tests-2] freemarker.cache 45 - TemplateLoader.findTemplateSource("Extent_en_US.ftl"): Not found
31449 [TestNG-tests-2] DEBUG freemarker.cache  - TemplateLoader.findTemplateSource("Extent_en_US.ftl"): Not found
09-09-2019 16:22:26 _Log4jLoggerFactory.java DEBUG [TestNG-tests-2] freemarker.cache 45 - TemplateLoader.findTemplateSource("Extent_en.ftl"): Not found
31453 [TestNG-tests-2] DEBUG freemarker.cache  - TemplateLoader.findTemplateSource("Extent_en.ftl"): Not found
09-09-2019 16:22:26 _Log4jLoggerFactory.java DEBUG [TestNG-tests-2] freemarker.cache 45 - TemplateLoader.findTemplateSource("Extent.ftl"): Found
31453 [TestNG-tests-2] DEBUG freemarker.cache  - TemplateLoader.findTemplateSource("Extent.ftl"): Found
09-09-2019 16:22:26 _Log4jLoggerFactory.java DEBUG [TestNG-tests-2] freemarker.cache 45 - Loading template for "Extent.ftl"("en_US", UTF-8, parsed) from "jar:file:/C:/Users/saurabh.chauhan/.m2/repository/com/relevantcodes/extentreports/2.41.2/extentreports-2.41.2.jar!/com/relevantcodes/extentreports/view/Extent.ftl"
31453 [TestNG-tests-2] DEBUG freemarker.cache  - Loading template for "Extent.ftl"("en_US", UTF-8, parsed) from "jar:file:/C:/Users/saurabh.chauhan/.m2/repository/com/relevantcodes/extentreports/2.41.2/extentreports-2.41.2.jar!/com/relevantcodes/extentreports/view/Extent.ftl"
]]></system-out>
  </testcase>
  <testcase name="homePage" classname="com.atmecs.testScripts.Book_OneWay_Ticket" time="17.092"/>
  <testcase name="selectFlightAndReview" classname="com.atmecs.testScripts.Book_OneWay_Ticket" time="13.179"/>
  <testcase name="travellersDetails" classname="com.atmecs.testScripts.Book_OneWay_Ticket" time="10.579"/>
  <testcase name="tearDown" classname="com.atmecs.testScripts.Book_OneWay_Ticket" time="10.732">
    <failure message="&#10;Can inject only one of &lt;ITestContext, XmlTest&gt; into a @AfterTest annotated tearDown.&#10;For more information on native dependency injection please refer to http://testng.org/doc/documentation-main.html#native-dependency-injection" type="org.testng.TestNGException"><![CDATA[org.testng.TestNGException: 

Can inject only one of <ITestContext, XmlTest> into a @AfterTest annotated tearDown.
For more information on native dependency injection please refer to http://testng.org/doc/documentation-main.html#native-dependency-injection
]]></failure>
    <system-out><![CDATA[09-09-2019 16:23:00 _Log4jLoggerFactory.java DEBUG [TestNG-tests-1] freemarker.cache 45 - Couldn't find template in cache for "Extent.ftl"("en_US", UTF-8, parsed); will try to load it.
65480 [TestNG-tests-1] DEBUG freemarker.cache  - Couldn't find template in cache for "Extent.ftl"("en_US", UTF-8, parsed); will try to load it.
09-09-2019 16:23:00 _Log4jLoggerFactory.java DEBUG [TestNG-tests-1] freemarker.cache 45 - TemplateLoader.findTemplateSource("Extent_en_US.ftl"): Not found
65480 [TestNG-tests-1] DEBUG freemarker.cache  - TemplateLoader.findTemplateSource("Extent_en_US.ftl"): Not found
09-09-2019 16:23:00 _Log4jLoggerFactory.java DEBUG [TestNG-tests-1] freemarker.cache 45 - TemplateLoader.findTemplateSource("Extent_en.ftl"): Not found
65484 [TestNG-tests-1] DEBUG freemarker.cache  - TemplateLoader.findTemplateSource("Extent_en.ftl"): Not found
09-09-2019 16:23:00 _Log4jLoggerFactory.java DEBUG [TestNG-tests-1] freemarker.cache 45 - TemplateLoader.findTemplateSource("Extent.ftl"): Found
65484 [TestNG-tests-1] DEBUG freemarker.cache  - TemplateLoader.findTemplateSource("Extent.ftl"): Found
09-09-2019 16:23:00 _Log4jLoggerFactory.java DEBUG [TestNG-tests-1] freemarker.cache 45 - Loading template for "Extent.ftl"("en_US", UTF-8, parsed) from "jar:file:/C:/Users/saurabh.chauhan/.m2/repository/com/relevantcodes/extentreports/2.41.2/extentreports-2.41.2.jar!/com/relevantcodes/extentreports/view/Extent.ftl"
65488 [TestNG-tests-1] DEBUG freemarker.cache  - Loading template for "Extent.ftl"("en_US", UTF-8, parsed) from "jar:file:/C:/Users/saurabh.chauhan/.m2/repository/com/relevantcodes/extentreports/2.41.2/extentreports-2.41.2.jar!/com/relevantcodes/extentreports/view/Extent.ftl"
09-09-2019 16:23:00 _Log4jLoggerFactory.java DEBUG [TestNG-tests-1] freemarker.cache 45 - Couldn't find template in cache for "Extent.ftl"("en_US", UTF-8, parsed); will try to load it.
65541 [TestNG-tests-1] DEBUG freemarker.cache  - Couldn't find template in cache for "Extent.ftl"("en_US", UTF-8, parsed); will try to load it.
09-09-2019 16:23:00 _Log4jLoggerFactory.java DEBUG [TestNG-tests-1] freemarker.cache 45 - TemplateLoader.findTemplateSource("Extent_en_US.ftl"): Not found
65545 [TestNG-tests-1] DEBUG freemarker.cache  - TemplateLoader.findTemplateSource("Extent_en_US.ftl"): Not found
09-09-2019 16:23:00 _Log4jLoggerFactory.java DEBUG [TestNG-tests-1] freemarker.cache 45 - TemplateLoader.findTemplateSource("Extent_en.ftl"): Not found
65545 [TestNG-tests-1] DEBUG freemarker.cache  - TemplateLoader.findTemplateSource("Extent_en.ftl"): Not found
09-09-2019 16:23:00 _Log4jLoggerFactory.java DEBUG [TestNG-tests-1] freemarker.cache 45 - TemplateLoader.findTemplateSource("Extent.ftl"): Found
65545 [TestNG-tests-1] DEBUG freemarker.cache  - TemplateLoader.findTemplateSource("Extent.ftl"): Found
09-09-2019 16:23:00 _Log4jLoggerFactory.java DEBUG [TestNG-tests-1] freemarker.cache 45 - Loading template for "Extent.ftl"("en_US", UTF-8, parsed) from "jar:file:/C:/Users/saurabh.chauhan/.m2/repository/com/relevantcodes/extentreports/2.41.2/extentreports-2.41.2.jar!/com/relevantcodes/extentreports/view/Extent.ftl"
65545 [TestNG-tests-1] DEBUG freemarker.cache  - Loading template for "Extent.ftl"("en_US", UTF-8, parsed) from "jar:file:/C:/Users/saurabh.chauhan/.m2/repository/com/relevantcodes/extentreports/2.41.2/extentreports-2.41.2.jar!/com/relevantcodes/extentreports/view/Extent.ftl"
]]></system-out>
  </testcase>
  <testcase name="end" classname="com.atmecs.testScripts.Book_OneWay_Ticket" time="0">
    <skipped/>
  </testcase>
  <testcase name="end" classname="com.atmecs.testScripts.Book_OneWay_Ticket" time="0">
    <skipped/>
  </testcase>
</testsuite>